2017-10-16 12:52:52,552 INFO  [Log] **************************************************************************************** 
2017-10-16 12:52:52,554 INFO  [Log] **************************************************************************************** 
2017-10-16 12:52:52,554 INFO  [Log] $$$$$$$$$$$$$$$$$$$$$                 VerifyChatBotsMenu       $$$$$$$$$$$$$$$$$$$$$$$$$ 
2017-10-16 12:52:52,555 INFO  [Log] **************************************************************************************** 
2017-10-16 12:52:52,555 INFO  [Log] **************************************************************************************** 
2017-10-16 12:52:55,059 INFO  [Log] Opened URl : https://finlabs-staging.synechron.net/#/home 
2017-10-16 12:52:59,140 ERROR [Log] Unable to Ciclk Locator :: Chat Bots Menu 
2017-10-16 12:52:59,150 INFO  [Log] XXXXXXXXXXXXXXXXXXXXXXX             -E---N---D-             XXXXXXXXXXXXXXXXXXXXXX 
2017-10-16 12:52:59,150 INFO  [Log] X 
2017-10-16 12:52:59,150 INFO  [Log] X 
2017-10-16 12:52:59,150 INFO  [Log] X 
2017-10-16 12:52:59,150 INFO  [Log] X 
2017-10-16 12:52:59,151 INFO  [Log] **************************************************************************************** 
2017-10-16 12:52:59,151 INFO  [Log] **************************************************************************************** 
2017-10-16 12:52:59,151 INFO  [Log] $$$$$$$$$$$$$$$$$$$$$                 VerifyRoboAdvisorMenu       $$$$$$$$$$$$$$$$$$$$$$$$$ 
2017-10-16 12:52:59,151 INFO  [Log] **************************************************************************************** 
2017-10-16 12:52:59,152 INFO  [Log] **************************************************************************************** 
2017-10-16 12:52:59,194 FATAL [Log] Unable to Opened URL  : https://finlabs-staging.synechron.net/#/home 
2017-10-16 12:52:59,206 ERROR [Log] Unable to Ciclk Locator :: Robo Adivsor 
2017-10-16 12:53:34,731 INFO  [Log] **************************************************************************************** 
2017-10-16 12:53:34,732 INFO  [Log] **************************************************************************************** 
2017-10-16 12:53:34,732 INFO  [Log] $$$$$$$$$$$$$$$$$$$$$                 VerifyChatBotsMenu       $$$$$$$$$$$$$$$$$$$$$$$$$ 
2017-10-16 12:53:34,732 INFO  [Log] **************************************************************************************** 
2017-10-16 12:53:34,732 INFO  [Log] **************************************************************************************** 
2017-10-16 12:53:49,126 FATAL [Log] Unable to Opened URL  : https://finlabs-staging.synechron.net/#/home 
2017-10-16 12:53:51,574 ERROR [Log] Unable to Ciclk Locator :: Chat Bots Menu 
2017-10-16 12:53:51,583 INFO  [Log] XXXXXXXXXXXXXXXXXXXXXXX             -E---N---D-             XXXXXXXXXXXXXXXXXXXXXX 
2017-10-16 12:53:51,583 INFO  [Log] X 
2017-10-16 12:53:51,583 INFO  [Log] X 
2017-10-16 12:53:51,583 INFO  [Log] X 
2017-10-16 12:53:51,583 INFO  [Log] X 
2017-10-16 12:53:51,584 INFO  [Log] **************************************************************************************** 
2017-10-16 12:53:51,584 INFO  [Log] **************************************************************************************** 
2017-10-16 12:53:51,585 INFO  [Log] $$$$$$$$$$$$$$$$$$$$$                 VerifyRoboAdvisorMenu       $$$$$$$$$$$$$$$$$$$$$$$$$ 
2017-10-16 12:53:51,585 INFO  [Log] **************************************************************************************** 
2017-10-16 12:53:51,585 INFO  [Log] **************************************************************************************** 
2017-10-16 12:53:51,751 FATAL [Log] Unable to Opened URL  : https://finlabs-staging.synechron.net/#/home 
2017-10-16 12:54:11,856 INFO  [Log] **************************************************************************************** 
2017-10-16 12:54:11,857 INFO  [Log] **************************************************************************************** 
2017-10-16 12:54:11,857 INFO  [Log] $$$$$$$$$$$$$$$$$$$$$                 VerifyChatBotsMenu       $$$$$$$$$$$$$$$$$$$$$$$$$ 
2017-10-16 12:54:11,857 INFO  [Log] **************************************************************************************** 
2017-10-16 12:54:11,857 INFO  [Log] **************************************************************************************** 
2017-10-16 12:54:11,934 INFO  [Log] Opened URl : https://finlabs-staging.synechron.net/#/home 
2017-10-16 12:54:22,163 ERROR [Log] Unable to Ciclk Locator :: Chat Bots Menu 
2017-10-16 12:54:22,168 INFO  [Log] XXXXXXXXXXXXXXXXXXXXXXX             -E---N---D-             XXXXXXXXXXXXXXXXXXXXXX 
2017-10-16 12:54:22,168 INFO  [Log] X 
2017-10-16 12:54:22,169 INFO  [Log] X 
2017-10-16 12:54:22,169 INFO  [Log] X 
2017-10-16 12:54:22,169 INFO  [Log] X 
2017-10-16 12:54:22,169 INFO  [Log] **************************************************************************************** 
2017-10-16 12:54:22,169 INFO  [Log] **************************************************************************************** 
2017-10-16 12:54:22,170 INFO  [Log] $$$$$$$$$$$$$$$$$$$$$                 VerifyRoboAdvisorMenu       $$$$$$$$$$$$$$$$$$$$$$$$$ 
2017-10-16 12:54:22,170 INFO  [Log] **************************************************************************************** 
2017-10-16 12:54:22,170 INFO  [Log] **************************************************************************************** 
2017-10-16 12:54:22,186 FATAL [Log] Unable to Opened URL  : https://finlabs-staging.synechron.net/#/home 
2017-10-16 12:54:22,215 ERROR [Log] Unable to Ciclk Locator :: Robo Adivsor 
2017-10-16 13:11:20,101 INFO  [Log] **************************************************************************************** 
2017-10-16 13:11:20,102 INFO  [Log] **************************************************************************************** 
2017-10-16 13:11:20,102 INFO  [Log] $$$$$$$$$$$$$$$$$$$$$                 VerifyChatBotsMenu       $$$$$$$$$$$$$$$$$$$$$$$$$ 
2017-10-16 13:11:20,102 INFO  [Log] **************************************************************************************** 
2017-10-16 13:11:20,102 INFO  [Log] **************************************************************************************** 
2017-10-16 13:11:20,165 INFO  [Log] Opened URl : https://finlabs-staging.synechron.net/#/home 
2017-10-16 13:11:30,203 ERROR [Log] Unable to Ciclk Locator :: Chat Bots Menu 
2017-10-16 13:11:30,208 INFO  [Log] XXXXXXXXXXXXXXXXXXXXXXX             -E---N---D-             XXXXXXXXXXXXXXXXXXXXXX 
2017-10-16 13:11:30,208 INFO  [Log] X 
2017-10-16 13:11:30,208 INFO  [Log] X 
2017-10-16 13:11:30,208 INFO  [Log] X 
2017-10-16 13:11:30,208 INFO  [Log] X 
2017-10-16 13:11:30,208 INFO  [Log] **************************************************************************************** 
2017-10-16 13:11:30,209 INFO  [Log] **************************************************************************************** 
2017-10-16 13:11:30,209 INFO  [Log] $$$$$$$$$$$$$$$$$$$$$                 VerifyRoboAdvisorMenu       $$$$$$$$$$$$$$$$$$$$$$$$$ 
2017-10-16 13:11:30,209 INFO  [Log] **************************************************************************************** 
2017-10-16 13:11:30,209 INFO  [Log] **************************************************************************************** 
2017-10-16 13:11:30,224 FATAL [Log] Unable to Opened URL  : https://finlabs-staging.synechron.net/#/home 
2017-10-16 13:11:30,252 ERROR [Log] Unable to Ciclk Locator :: Robo Adivsor 
2017-11-10 10:37:10,948 INFO  [Log] **************************************************************************************** 
2017-11-10 10:37:10,958 INFO  [Log] **************************************************************************************** 
2017-11-10 10:37:10,958 INFO  [Log] $$$$$$$$$$$$$$$$$$$$$                 VerifyChatBotsMenu       $$$$$$$$$$$$$$$$$$$$$$$$$ 
2017-11-10 10:37:10,958 INFO  [Log] **************************************************************************************** 
2017-11-10 10:37:10,958 INFO  [Log] **************************************************************************************** 
2017-11-10 10:37:11,087 INFO  [Log] Opened URl : http://demo.automationtesting.in/Register.html 
2017-11-10 10:37:21,272 ERROR [Log] Unable to Ciclk Locator :: Chat Bots Menu 
2017-11-10 10:37:21,277 INFO  [Log] XXXXXXXXXXXXXXXXXXXXXXX             -E---N---D-             XXXXXXXXXXXXXXXXXXXXXX 
2017-11-10 10:37:21,277 INFO  [Log] X 
2017-11-10 10:37:21,277 INFO  [Log] X 
2017-11-10 10:37:21,277 INFO  [Log] X 
2017-11-10 10:37:21,277 INFO  [Log] X 
2017-11-10 10:37:21,278 INFO  [Log] **************************************************************************************** 
2017-11-10 10:37:21,278 INFO  [Log] **************************************************************************************** 
2017-11-10 10:37:21,278 INFO  [Log] $$$$$$$$$$$$$$$$$$$$$                 VerifyRoboAdvisorMenu       $$$$$$$$$$$$$$$$$$$$$$$$$ 
2017-11-10 10:37:21,278 INFO  [Log] **************************************************************************************** 
2017-11-10 10:37:21,278 INFO  [Log] **************************************************************************************** 
2017-11-10 10:37:21,296 FATAL [Log] Unable to Opened URL  : http://demo.automationtesting.in/Register.html 
2017-11-10 10:37:21,324 ERROR [Log] Unable to Ciclk Locator :: Robo Adivsor 
2017-11-10 10:39:39,103 INFO  [Log] **************************************************************************************** 
2017-11-10 10:39:39,103 INFO  [Log] **************************************************************************************** 
2017-11-10 10:39:39,103 INFO  [Log] $$$$$$$$$$$$$$$$$$$$$                 VerifyChatBotsMenu       $$$$$$$$$$$$$$$$$$$$$$$$$ 
2017-11-10 10:39:39,104 INFO  [Log] **************************************************************************************** 
2017-11-10 10:39:39,104 INFO  [Log] **************************************************************************************** 
2017-11-10 10:39:43,133 INFO  [Log] Opened URl : http://demo.automationtesting.in/Register.html 
2017-11-10 10:39:44,550 ERROR [Log] Unable to Ciclk Locator :: Chat Bots Menu 
2017-11-10 10:39:44,563 INFO  [Log] XXXXXXXXXXXXXXXXXXXXXXX             -E---N---D-             XXXXXXXXXXXXXXXXXXXXXX 
2017-11-10 10:39:44,563 INFO  [Log] X 
2017-11-10 10:39:44,563 INFO  [Log] X 
2017-11-10 10:39:44,563 INFO  [Log] X 
2017-11-10 10:39:44,563 INFO  [Log] X 
2017-11-10 10:39:44,564 INFO  [Log] **************************************************************************************** 
2017-11-10 10:39:44,564 INFO  [Log] **************************************************************************************** 
2017-11-10 10:39:44,564 INFO  [Log] $$$$$$$$$$$$$$$$$$$$$                 VerifyRoboAdvisorMenu       $$$$$$$$$$$$$$$$$$$$$$$$$ 
2017-11-10 10:39:44,564 INFO  [Log] **************************************************************************************** 
2017-11-10 10:39:44,564 INFO  [Log] **************************************************************************************** 
2017-11-10 10:39:44,596 FATAL [Log] Unable to Opened URL  : http://demo.automationtesting.in/Register.html 
2017-11-10 10:39:44,609 ERROR [Log] Unable to Ciclk Locator :: Robo Adivsor 
2017-11-11 21:34:34,988 INFO  [Log] **************************************************************************************** 
2017-11-11 21:34:34,989 INFO  [Log] **************************************************************************************** 
2017-11-11 21:34:34,989 INFO  [Log] $$$$$$$$$$$$$$$$$$$$$                 RegisterUser       $$$$$$$$$$$$$$$$$$$$$$$$$ 
2017-11-11 21:34:34,989 INFO  [Log] **************************************************************************************** 
2017-11-11 21:34:34,989 INFO  [Log] **************************************************************************************** 
2017-11-11 21:34:35,515 INFO  [Log] XXXXXXXXXXXXXXXXXXXXXXX             -E---N---D-             XXXXXXXXXXXXXXXXXXXXXX 
2017-11-11 21:34:35,515 INFO  [Log] X 
2017-11-11 21:34:35,515 INFO  [Log] X 
2017-11-11 21:34:35,515 INFO  [Log] X 
2017-11-11 21:34:35,515 INFO  [Log] X 
2017-11-11 21:37:55,927 INFO  [Log] **************************************************************************************** 
2017-11-11 21:37:55,929 INFO  [Log] **************************************************************************************** 
2017-11-11 21:37:55,930 INFO  [Log] $$$$$$$$$$$$$$$$$$$$$                 RegisterUser       $$$$$$$$$$$$$$$$$$$$$$$$$ 
2017-11-11 21:37:55,931 INFO  [Log] **************************************************************************************** 
2017-11-11 21:37:55,931 INFO  [Log] **************************************************************************************** 
2017-11-11 21:40:58,315 INFO  [Log] **************************************************************************************** 
2017-11-11 21:40:58,315 INFO  [Log] **************************************************************************************** 
2017-11-11 21:40:58,315 INFO  [Log] $$$$$$$$$$$$$$$$$$$$$                 RegisterUser       $$$$$$$$$$$$$$$$$$$$$$$$$ 
2017-11-11 21:40:58,315 INFO  [Log] **************************************************************************************** 
2017-11-11 21:40:58,315 INFO  [Log] **************************************************************************************** 
2017-11-11 21:41:01,198 INFO  [Log] Opened URl : http://demo.automationtesting.in/Index.html 
2017-11-11 21:41:01,449 INFO  [Log] Input text ::sreejith0607@yahoo.comin textboxEmail id for SignUp 
2017-11-11 21:41:05,268 INFO  [Log] Clicked  :: Search Email Button 
2017-11-11 21:41:05,783 INFO  [Log] Navigated to url : http://demo.automationtesting.in/Register.html 
2017-11-11 21:41:05,794 INFO  [Log] XXXXXXXXXXXXXXXXXXXXXXX             -E---N---D-             XXXXXXXXXXXXXXXXXXXXXX 
2017-11-11 21:41:05,794 INFO  [Log] X 
2017-11-11 21:41:05,794 INFO  [Log] X 
2017-11-11 21:41:05,794 INFO  [Log] X 
2017-11-11 21:41:05,794 INFO  [Log] X 
2017-11-11 22:13:12,095 INFO  [Log] **************************************************************************************** 
2017-11-11 22:13:12,095 INFO  [Log] **************************************************************************************** 
2017-11-11 22:13:12,095 INFO  [Log] $$$$$$$$$$$$$$$$$$$$$                 RegisterUser       $$$$$$$$$$$$$$$$$$$$$$$$$ 
2017-11-11 22:13:12,095 INFO  [Log] **************************************************************************************** 
2017-11-11 22:13:12,095 INFO  [Log] **************************************************************************************** 
2017-11-11 22:13:15,056 INFO  [Log] Opened URl : http://demo.automationtesting.in/Index.html 
2017-11-11 22:13:15,295 INFO  [Log] Entered text ::sreejith0607@yahoo.comin textboxEmail id for SignUp 
2017-11-11 22:13:18,752 INFO  [Log] Clicked  :: Search Email Button 
2017-11-11 22:13:19,279 INFO  [Log] Navigated to url : http://demo.automationtesting.in/Register.html 
2017-11-11 22:13:19,290 INFO  [Log] XXXXXXXXXXXXXXXXXXXXXXX             -E---N---D-             XXXXXXXXXXXXXXXXXXXXXX 
2017-11-11 22:13:19,290 INFO  [Log] X 
2017-11-11 22:13:19,290 INFO  [Log] X 
2017-11-11 22:13:19,290 INFO  [Log] X 
2017-11-11 22:13:19,290 INFO  [Log] X 
2017-11-11 22:18:14,437 INFO  [Log] **************************************************************************************** 
2017-11-11 22:18:14,438 INFO  [Log] **************************************************************************************** 
2017-11-11 22:18:14,438 INFO  [Log] $$$$$$$$$$$$$$$$$$$$$                 RegisterUser       $$$$$$$$$$$$$$$$$$$$$$$$$ 
2017-11-11 22:18:14,438 INFO  [Log] **************************************************************************************** 
2017-11-11 22:18:14,438 INFO  [Log] **************************************************************************************** 
2017-11-11 22:18:17,906 INFO  [Log] Opened URl : http://demo.automationtesting.in/Index.html 
2017-11-11 22:18:18,180 INFO  [Log] Entered text ::sreejith0607@yahoo.comin textboxEmail id for SignUp 
2017-11-11 22:18:21,527 INFO  [Log] Clicked - Search Email Button 
2017-11-11 22:18:22,044 INFO  [Log] Navigated to url : http://demo.automationtesting.in/Register.html 
2017-11-11 22:18:22,057 INFO  [Log] XXXXXXXXXXXXXXXXXXXXXXX             -E---N---D-             XXXXXXXXXXXXXXXXXXXXXX 
2017-11-11 22:18:22,057 INFO  [Log] X 
2017-11-11 22:18:22,057 INFO  [Log] X 
2017-11-11 22:18:22,057 INFO  [Log] X 
2017-11-11 22:18:22,057 INFO  [Log] X 
2017-11-11 22:20:07,030 INFO  [Log] **************************************************************************************** 
2017-11-11 22:20:07,030 INFO  [Log] **************************************************************************************** 
2017-11-11 22:20:07,031 INFO  [Log] $$$$$$$$$$$$$$$$$$$$$                 RegisterUser       $$$$$$$$$$$$$$$$$$$$$$$$$ 
2017-11-11 22:20:07,031 INFO  [Log] **************************************************************************************** 
2017-11-11 22:20:07,031 INFO  [Log] **************************************************************************************** 
2017-11-11 22:20:10,669 INFO  [Log] Opened URl : http://demo.automationtesting.in/Index.html 
2017-11-11 22:20:10,935 INFO  [Log] Entered text ::sreejith0607@yahoo.comin textboxEmail id for SignUp 
2017-11-11 22:20:14,749 INFO  [Log] Clicked - Search Email Button 
2017-11-11 22:20:15,268 INFO  [Log] Navigated to url : http://demo.automationtesting.in/Register.html 
2017-11-11 22:20:15,282 INFO  [Log] XXXXXXXXXXXXXXXXXXXXXXX             -E---N---D-             XXXXXXXXXXXXXXXXXXXXXX 
2017-11-11 22:20:15,282 INFO  [Log] X 
2017-11-11 22:20:15,282 INFO  [Log] X 
2017-11-11 22:20:15,282 INFO  [Log] X 
2017-11-11 22:20:15,282 INFO  [Log] X 
2018-02-18 13:03:05,408 INFO  [Log] **************************************************************************************** 
2018-02-18 13:03:05,409 INFO  [Log] **************************************************************************************** 
2018-02-18 13:03:05,410 INFO  [Log] $$$$$$$$$$$$$$$$$$$$$                 RegisterUser       $$$$$$$$$$$$$$$$$$$$$$$$$ 
2018-02-18 13:03:05,410 INFO  [Log] **************************************************************************************** 
2018-02-18 13:03:05,410 INFO  [Log] **************************************************************************************** 
2018-02-18 13:03:10,389 INFO  [Log] Opened URl : http://demo.automationtesting.in/Index.html 
2018-07-26 21:44:34,603 INFO  [Log] **************************************************************************************** 
2018-07-26 21:44:34,629 INFO  [Log] **************************************************************************************** 
2018-07-26 21:44:34,629 INFO  [Log] $$$$$$$$$$$$$$$$$$$$$                 RegisterUser       $$$$$$$$$$$$$$$$$$$$$$$$$ 
2018-07-26 21:44:34,629 INFO  [Log] **************************************************************************************** 
2018-07-26 21:44:34,630 INFO  [Log] **************************************************************************************** 
2018-07-26 21:44:37,713 INFO  [Log] Opened URl : http://demo.automationtesting.in/Index.html 
2018-07-26 21:44:38,032 INFO  [Log] Entered text ::sreejith0607@yahoo.comin textboxEmail id for SignUp 
2018-07-26 21:44:48,953 INFO  [Log] Clicked - Search Email Button 
2018-07-26 21:44:49,484 INFO  [Log] Navigated to url : http://demo.automationtesting.in/Register.html 
2018-07-26 21:44:49,515 INFO  [Log] XXXXXXXXXXXXXXXXXXXXXXX             -E---N---D-             XXXXXXXXXXXXXXXXXXXXXX 
2018-07-26 21:44:49,516 INFO  [Log] X 
2018-07-26 21:44:49,517 INFO  [Log] X 
2018-07-26 21:44:49,517 INFO  [Log] X 
2018-07-26 21:44:49,517 INFO  [Log] X 
